<?xml version="1.0" encoding="UTF-8"?>
<!-- Generated by org.testng.reporters.JUnitReportReporter -->
<testsuite hostname="DESKTOP-6ST94J7" failures="0" tests="1" name="com.facebook.LoginTests.AccountLoginTest" time="0.494" errors="0" timestamp="2021-06-14T00:07:02 EDT" skipped="0">
  <testcase classname="com.facebook.LoginTests.AccountLoginTest" name="accountLogin" time="0.494"/>
</testsuite> <!-- com.facebook.LoginTests.AccountLoginTest -->
