<?xml version="1.0" encoding="UTF-8"?>
<!-- Generated by org.testng.reporters.JUnitReportReporter -->
<testsuite hostname="DESKTOP-6ST94J7" failures="0" tests="1" name="com.facebook.LoginPages.AccountLoginPage" time="0.011" errors="0" timestamp="2021-06-11T00:35:07 EDT" skipped="0">
  <testcase classname="com.facebook.LoginPages.AccountLoginPage" name="login" time="0.011"/>
</testsuite> <!-- com.facebook.LoginPages.AccountLoginPage -->
