<?xml version="1.0" encoding="UTF-8"?>
<!-- Generated by org.testng.reporters.JUnitReportReporter -->
<testsuite hostname="DESKTOP-6ST94J7" failures="0" tests="1" name="com.facebook.LoginTests.ForgetpasswordTest" time="2.182" errors="0" timestamp="2021-06-11T20:55:03 EDT" skipped="0">
  <testcase classname="com.facebook.LoginTests.ForgetpasswordTest" name="forgotPassword" time="2.182"/>
</testsuite> <!-- com.facebook.LoginTests.ForgetpasswordTest -->
