<?xml version="1.0" encoding="UTF-8"?>
<!-- Generated by org.testng.reporters.JUnitReportReporter -->
<testsuite hostname="DESKTOP-6ST94J7" failures="0" tests="1" name="com.facebook.LoginTests.AccountLoginTest" time="6.809" errors="0" timestamp="2021-06-11T20:58:32 EDT" skipped="0">
  <testcase classname="com.facebook.LoginTests.AccountLoginTest" name="accountLogin" time="6.809"/>
</testsuite> <!-- com.facebook.LoginTests.AccountLoginTest -->
