<?xml version="1.0" encoding="UTF-8"?>
<!-- Generated by org.testng.reporters.JUnitReportReporter -->
<testsuite hostname="DESKTOP-6ST94J7" failures="0" tests="1" name="com.facebook.LinksTests.JobsLinkTest" time="1.668" errors="0" timestamp="2021-06-11T20:28:53 EDT" skipped="0">
  <testcase classname="com.facebook.LinksTests.JobsLinkTest" name="jobLinkTest" time="1.668"/>
</testsuite> <!-- com.facebook.LinksTests.JobsLinkTest -->
