<?xml version="1.0" encoding="UTF-8"?>
<!-- Generated by org.testng.reporters.JUnitReportReporter -->
<testsuite hostname="DESKTOP-6ST94J7" failures="0" tests="1" name="com.facebook.LinksTests.AboutLinkTest" time="5.468" errors="0" timestamp="2021-06-11T20:23:24 EDT" skipped="0">
  <testcase classname="com.facebook.LinksTests.AboutLinkTest" name="aboutLinkTest" time="5.468"/>
</testsuite> <!-- com.facebook.LinksTests.AboutLinkTest -->
